2020-03-17T15:01:32: { Error: Cannot find module '@pm2/io'
2020-03-17T15:01:32:     at Function.Module._resolveFilename (internal/modules/cjs/loader.js:636:15)
2020-03-17T15:01:32:     at Module.Hook._require.Module.require (/usr/lib/node_modules/pm2/node_modules/require-in-the-middle/index.js:61:29)
2020-03-17T15:01:32:     at require (internal/modules/cjs/helpers.js:25:18)
2020-03-17T15:01:32:     at Object.<anonymous> (/root/FundiesCollab/src_backend/compileRouter.js:3:12)
2020-03-17T15:01:32:     at Module._compile (internal/modules/cjs/loader.js:778:30)
2020-03-17T15:01:32:     at Object.Module._extensions..js (internal/modules/cjs/loader.js:789:10)
2020-03-17T15:01:32:     at Module.load (internal/modules/cjs/loader.js:653:32)
2020-03-17T15:01:32:     at tryModuleLoad (internal/modules/cjs/loader.js:593:12)
2020-03-17T15:01:32:     at Function.Module._load (internal/modules/cjs/loader.js:585:3)
2020-03-17T15:01:32:     at Module.require (internal/modules/cjs/loader.js:692:17) code: 'MODULE_NOT_FOUND' }
2020-03-17T15:01:33: { Error: Cannot find module '@pm2/io'
2020-03-17T15:01:33:     at Function.Module._resolveFilename (internal/modules/cjs/loader.js:636:15)
2020-03-17T15:01:33:     at Module.Hook._require.Module.require (/usr/lib/node_modules/pm2/node_modules/require-in-the-middle/index.js:61:29)
2020-03-17T15:01:33:     at require (internal/modules/cjs/helpers.js:25:18)
2020-03-17T15:01:33:     at Object.<anonymous> (/root/FundiesCollab/src_backend/compileRouter.js:3:12)
2020-03-17T15:01:33:     at Module._compile (internal/modules/cjs/loader.js:778:30)
2020-03-17T15:01:33:     at Object.Module._extensions..js (internal/modules/cjs/loader.js:789:10)
2020-03-17T15:01:33:     at Module.load (internal/modules/cjs/loader.js:653:32)
2020-03-17T15:01:33:     at tryModuleLoad (internal/modules/cjs/loader.js:593:12)
2020-03-17T15:01:33:     at Function.Module._load (internal/modules/cjs/loader.js:585:3)
2020-03-17T15:01:33:     at Module.require (internal/modules/cjs/loader.js:692:17) code: 'MODULE_NOT_FOUND' }
2020-03-17T15:01:33: { Error: Cannot find module '@pm2/io'
2020-03-17T15:01:33:     at Function.Module._resolveFilename (internal/modules/cjs/loader.js:636:15)
2020-03-17T15:01:33:     at Module.Hook._require.Module.require (/usr/lib/node_modules/pm2/node_modules/require-in-the-middle/index.js:61:29)
2020-03-17T15:01:33:     at require (internal/modules/cjs/helpers.js:25:18)
2020-03-17T15:01:33:     at Object.<anonymous> (/root/FundiesCollab/src_backend/compileRouter.js:3:12)
2020-03-17T15:01:33:     at Module._compile (internal/modules/cjs/loader.js:778:30)
2020-03-17T15:01:33:     at Object.Module._extensions..js (internal/modules/cjs/loader.js:789:10)
2020-03-17T15:01:33:     at Module.load (internal/modules/cjs/loader.js:653:32)
2020-03-17T15:01:33:     at tryModuleLoad (internal/modules/cjs/loader.js:593:12)
2020-03-17T15:01:33:     at Function.Module._load (internal/modules/cjs/loader.js:585:3)
2020-03-17T15:01:33:     at Module.require (internal/modules/cjs/loader.js:692:17) code: 'MODULE_NOT_FOUND' }
2020-03-17T15:01:34: { Error: Cannot find module '@pm2/io'
2020-03-17T15:01:34:     at Function.Module._resolveFilename (internal/modules/cjs/loader.js:636:15)
2020-03-17T15:01:34:     at Module.Hook._require.Module.require (/usr/lib/node_modules/pm2/node_modules/require-in-the-middle/index.js:61:29)
2020-03-17T15:01:34:     at require (internal/modules/cjs/helpers.js:25:18)
2020-03-17T15:01:34:     at Object.<anonymous> (/root/FundiesCollab/src_backend/compileRouter.js:3:12)
2020-03-17T15:01:34:     at Module._compile (internal/modules/cjs/loader.js:778:30)
2020-03-17T15:01:34:     at Object.Module._extensions..js (internal/modules/cjs/loader.js:789:10)
2020-03-17T15:01:34:     at Module.load (internal/modules/cjs/loader.js:653:32)
2020-03-17T15:01:34:     at tryModuleLoad (internal/modules/cjs/loader.js:593:12)
2020-03-17T15:01:34:     at Function.Module._load (internal/modules/cjs/loader.js:585:3)
2020-03-17T15:01:34:     at Module.require (internal/modules/cjs/loader.js:692:17) code: 'MODULE_NOT_FOUND' }
2020-03-17T15:01:34: { Error: Cannot find module '@pm2/io'
2020-03-17T15:01:34:     at Function.Module._resolveFilename (internal/modules/cjs/loader.js:636:15)
2020-03-17T15:01:34:     at Module.Hook._require.Module.require (/usr/lib/node_modules/pm2/node_modules/require-in-the-middle/index.js:61:29)
2020-03-17T15:01:34:     at require (internal/modules/cjs/helpers.js:25:18)
2020-03-17T15:01:34:     at Object.<anonymous> (/root/FundiesCollab/src_backend/compileRouter.js:3:12)
2020-03-17T15:01:34:     at Module._compile (internal/modules/cjs/loader.js:778:30)
2020-03-17T15:01:34:     at Object.Module._extensions..js (internal/modules/cjs/loader.js:789:10)
2020-03-17T15:01:34:     at Module.load (internal/modules/cjs/loader.js:653:32)
2020-03-17T15:01:34:     at tryModuleLoad (internal/modules/cjs/loader.js:593:12)
2020-03-17T15:01:34:     at Function.Module._load (internal/modules/cjs/loader.js:585:3)
2020-03-17T15:01:34:     at Module.require (internal/modules/cjs/loader.js:692:17) code: 'MODULE_NOT_FOUND' }
2020-03-17T15:01:35: { Error: Cannot find module '@pm2/io'
2020-03-17T15:01:35:     at Function.Module._resolveFilename (internal/modules/cjs/loader.js:636:15)
2020-03-17T15:01:35:     at Module.Hook._require.Module.require (/usr/lib/node_modules/pm2/node_modules/require-in-the-middle/index.js:61:29)
2020-03-17T15:01:35:     at require (internal/modules/cjs/helpers.js:25:18)
2020-03-17T15:01:35:     at Object.<anonymous> (/root/FundiesCollab/src_backend/compileRouter.js:3:12)
2020-03-17T15:01:35:     at Module._compile (internal/modules/cjs/loader.js:778:30)
2020-03-17T15:01:35:     at Object.Module._extensions..js (internal/modules/cjs/loader.js:789:10)
2020-03-17T15:01:35:     at Module.load (internal/modules/cjs/loader.js:653:32)
2020-03-17T15:01:35:     at tryModuleLoad (internal/modules/cjs/loader.js:593:12)
2020-03-17T15:01:35:     at Function.Module._load (internal/modules/cjs/loader.js:585:3)
2020-03-17T15:01:35:     at Module.require (internal/modules/cjs/loader.js:692:17) code: 'MODULE_NOT_FOUND' }
2020-03-17T15:01:35: { Error: Cannot find module '@pm2/io'
2020-03-17T15:01:35:     at Function.Module._resolveFilename (internal/modules/cjs/loader.js:636:15)
2020-03-17T15:01:35:     at Module.Hook._require.Module.require (/usr/lib/node_modules/pm2/node_modules/require-in-the-middle/index.js:61:29)
2020-03-17T15:01:35:     at require (internal/modules/cjs/helpers.js:25:18)
2020-03-17T15:01:35:     at Object.<anonymous> (/root/FundiesCollab/src_backend/compileRouter.js:3:12)
2020-03-17T15:01:35:     at Module._compile (internal/modules/cjs/loader.js:778:30)
2020-03-17T15:01:35:     at Object.Module._extensions..js (internal/modules/cjs/loader.js:789:10)
2020-03-17T15:01:35:     at Module.load (internal/modules/cjs/loader.js:653:32)
2020-03-17T15:01:35:     at tryModuleLoad (internal/modules/cjs/loader.js:593:12)
2020-03-17T15:01:35:     at Function.Module._load (internal/modules/cjs/loader.js:585:3)
2020-03-17T15:01:35:     at Module.require (internal/modules/cjs/loader.js:692:17) code: 'MODULE_NOT_FOUND' }
2020-03-17T15:01:36: { Error: Cannot find module '@pm2/io'
2020-03-17T15:01:36:     at Function.Module._resolveFilename (internal/modules/cjs/loader.js:636:15)
2020-03-17T15:01:36:     at Module.Hook._require.Module.require (/usr/lib/node_modules/pm2/node_modules/require-in-the-middle/index.js:61:29)
2020-03-17T15:01:36:     at require (internal/modules/cjs/helpers.js:25:18)
2020-03-17T15:01:36:     at Object.<anonymous> (/root/FundiesCollab/src_backend/compileRouter.js:3:12)
2020-03-17T15:01:36:     at Module._compile (internal/modules/cjs/loader.js:778:30)
2020-03-17T15:01:36:     at Object.Module._extensions..js (internal/modules/cjs/loader.js:789:10)
2020-03-17T15:01:36:     at Module.load (internal/modules/cjs/loader.js:653:32)
2020-03-17T15:01:36:     at tryModuleLoad (internal/modules/cjs/loader.js:593:12)
2020-03-17T15:01:36:     at Function.Module._load (internal/modules/cjs/loader.js:585:3)
2020-03-17T15:01:36:     at Module.require (internal/modules/cjs/loader.js:692:17) code: 'MODULE_NOT_FOUND' }
2020-03-17T15:01:36: { Error: Cannot find module '@pm2/io'
2020-03-17T15:01:36:     at Function.Module._resolveFilename (internal/modules/cjs/loader.js:636:15)
2020-03-17T15:01:36:     at Module.Hook._require.Module.require (/usr/lib/node_modules/pm2/node_modules/require-in-the-middle/index.js:61:29)
2020-03-17T15:01:36:     at require (internal/modules/cjs/helpers.js:25:18)
2020-03-17T15:01:36:     at Object.<anonymous> (/root/FundiesCollab/src_backend/compileRouter.js:3:12)
2020-03-17T15:01:36:     at Module._compile (internal/modules/cjs/loader.js:778:30)
2020-03-17T15:01:36:     at Object.Module._extensions..js (internal/modules/cjs/loader.js:789:10)
2020-03-17T15:01:36:     at Module.load (internal/modules/cjs/loader.js:653:32)
2020-03-17T15:01:36:     at tryModuleLoad (internal/modules/cjs/loader.js:593:12)
2020-03-17T15:01:36:     at Function.Module._load (internal/modules/cjs/loader.js:585:3)
2020-03-17T15:01:36:     at Module.require (internal/modules/cjs/loader.js:692:17) code: 'MODULE_NOT_FOUND' }
2020-03-17T15:01:37: { Error: Cannot find module '@pm2/io'
2020-03-17T15:01:37:     at Function.Module._resolveFilename (internal/modules/cjs/loader.js:636:15)
2020-03-17T15:01:37:     at Module.Hook._require.Module.require (/usr/lib/node_modules/pm2/node_modules/require-in-the-middle/index.js:61:29)
2020-03-17T15:01:37:     at require (internal/modules/cjs/helpers.js:25:18)
2020-03-17T15:01:37:     at Object.<anonymous> (/root/FundiesCollab/src_backend/compileRouter.js:3:12)
2020-03-17T15:01:37:     at Module._compile (internal/modules/cjs/loader.js:778:30)
2020-03-17T15:01:37:     at Object.Module._extensions..js (internal/modules/cjs/loader.js:789:10)
2020-03-17T15:01:37:     at Module.load (internal/modules/cjs/loader.js:653:32)
2020-03-17T15:01:37:     at tryModuleLoad (internal/modules/cjs/loader.js:593:12)
2020-03-17T15:01:37:     at Function.Module._load (internal/modules/cjs/loader.js:585:3)
2020-03-17T15:01:37:     at Module.require (internal/modules/cjs/loader.js:692:17) code: 'MODULE_NOT_FOUND' }
2020-03-17T15:01:37: { Error: Cannot find module '@pm2/io'
2020-03-17T15:01:37:     at Function.Module._resolveFilename (internal/modules/cjs/loader.js:636:15)
2020-03-17T15:01:37:     at Module.Hook._require.Module.require (/usr/lib/node_modules/pm2/node_modules/require-in-the-middle/index.js:61:29)
2020-03-17T15:01:37:     at require (internal/modules/cjs/helpers.js:25:18)
2020-03-17T15:01:37:     at Object.<anonymous> (/root/FundiesCollab/src_backend/compileRouter.js:3:12)
2020-03-17T15:01:37:     at Module._compile (internal/modules/cjs/loader.js:778:30)
2020-03-17T15:01:37:     at Object.Module._extensions..js (internal/modules/cjs/loader.js:789:10)
2020-03-17T15:01:37:     at Module.load (internal/modules/cjs/loader.js:653:32)
2020-03-17T15:01:37:     at tryModuleLoad (internal/modules/cjs/loader.js:593:12)
2020-03-17T15:01:37:     at Function.Module._load (internal/modules/cjs/loader.js:585:3)
2020-03-17T15:01:37:     at Module.require (internal/modules/cjs/loader.js:692:17) code: 'MODULE_NOT_FOUND' }
2020-03-17T15:01:38: { Error: Cannot find module '@pm2/io'
2020-03-17T15:01:38:     at Function.Module._resolveFilename (internal/modules/cjs/loader.js:636:15)
2020-03-17T15:01:38:     at Module.Hook._require.Module.require (/usr/lib/node_modules/pm2/node_modules/require-in-the-middle/index.js:61:29)
2020-03-17T15:01:38:     at require (internal/modules/cjs/helpers.js:25:18)
2020-03-17T15:01:38:     at Object.<anonymous> (/root/FundiesCollab/src_backend/compileRouter.js:3:12)
2020-03-17T15:01:38:     at Module._compile (internal/modules/cjs/loader.js:778:30)
2020-03-17T15:01:38:     at Object.Module._extensions..js (internal/modules/cjs/loader.js:789:10)
2020-03-17T15:01:38:     at Module.load (internal/modules/cjs/loader.js:653:32)
2020-03-17T15:01:38:     at tryModuleLoad (internal/modules/cjs/loader.js:593:12)
2020-03-17T15:01:38:     at Function.Module._load (internal/modules/cjs/loader.js:585:3)
2020-03-17T15:01:38:     at Module.require (internal/modules/cjs/loader.js:692:17) code: 'MODULE_NOT_FOUND' }
2020-03-17T15:01:38: { Error: Cannot find module '@pm2/io'
2020-03-17T15:01:38:     at Function.Module._resolveFilename (internal/modules/cjs/loader.js:636:15)
2020-03-17T15:01:38:     at Module.Hook._require.Module.require (/usr/lib/node_modules/pm2/node_modules/require-in-the-middle/index.js:61:29)
2020-03-17T15:01:38:     at require (internal/modules/cjs/helpers.js:25:18)
2020-03-17T15:01:38:     at Object.<anonymous> (/root/FundiesCollab/src_backend/compileRouter.js:3:12)
2020-03-17T15:01:38:     at Module._compile (internal/modules/cjs/loader.js:778:30)
2020-03-17T15:01:38:     at Object.Module._extensions..js (internal/modules/cjs/loader.js:789:10)
2020-03-17T15:01:38:     at Module.load (internal/modules/cjs/loader.js:653:32)
2020-03-17T15:01:38:     at tryModuleLoad (internal/modules/cjs/loader.js:593:12)
2020-03-17T15:01:38:     at Function.Module._load (internal/modules/cjs/loader.js:585:3)
2020-03-17T15:01:38:     at Module.require (internal/modules/cjs/loader.js:692:17) code: 'MODULE_NOT_FOUND' }
2020-03-17T15:01:39: { Error: Cannot find module '@pm2/io'
2020-03-17T15:01:39:     at Function.Module._resolveFilename (internal/modules/cjs/loader.js:636:15)
2020-03-17T15:01:39:     at Module.Hook._require.Module.require (/usr/lib/node_modules/pm2/node_modules/require-in-the-middle/index.js:61:29)
2020-03-17T15:01:39:     at require (internal/modules/cjs/helpers.js:25:18)
2020-03-17T15:01:39:     at Object.<anonymous> (/root/FundiesCollab/src_backend/compileRouter.js:3:12)
2020-03-17T15:01:39:     at Module._compile (internal/modules/cjs/loader.js:778:30)
2020-03-17T15:01:39:     at Object.Module._extensions..js (internal/modules/cjs/loader.js:789:10)
2020-03-17T15:01:39:     at Module.load (internal/modules/cjs/loader.js:653:32)
2020-03-17T15:01:39:     at tryModuleLoad (internal/modules/cjs/loader.js:593:12)
2020-03-17T15:01:39:     at Function.Module._load (internal/modules/cjs/loader.js:585:3)
2020-03-17T15:01:39:     at Module.require (internal/modules/cjs/loader.js:692:17) code: 'MODULE_NOT_FOUND' }
2020-03-17T15:01:39: { Error: Cannot find module '@pm2/io'
2020-03-17T15:01:39:     at Function.Module._resolveFilename (internal/modules/cjs/loader.js:636:15)
2020-03-17T15:01:39:     at Module.Hook._require.Module.require (/usr/lib/node_modules/pm2/node_modules/require-in-the-middle/index.js:61:29)
2020-03-17T15:01:39:     at require (internal/modules/cjs/helpers.js:25:18)
2020-03-17T15:01:39:     at Object.<anonymous> (/root/FundiesCollab/src_backend/compileRouter.js:3:12)
2020-03-17T15:01:39:     at Module._compile (internal/modules/cjs/loader.js:778:30)
2020-03-17T15:01:39:     at Object.Module._extensions..js (internal/modules/cjs/loader.js:789:10)
2020-03-17T15:01:39:     at Module.load (internal/modules/cjs/loader.js:653:32)
2020-03-17T15:01:39:     at tryModuleLoad (internal/modules/cjs/loader.js:593:12)
2020-03-17T15:01:39:     at Function.Module._load (internal/modules/cjs/loader.js:585:3)
2020-03-17T15:01:39:     at Module.require (internal/modules/cjs/loader.js:692:17) code: 'MODULE_NOT_FOUND' }
2020-03-17T15:01:40: { Error: Cannot find module '@pm2/io'
2020-03-17T15:01:40:     at Function.Module._resolveFilename (internal/modules/cjs/loader.js:636:15)
2020-03-17T15:01:40:     at Module.Hook._require.Module.require (/usr/lib/node_modules/pm2/node_modules/require-in-the-middle/index.js:61:29)
2020-03-17T15:01:40:     at require (internal/modules/cjs/helpers.js:25:18)
2020-03-17T15:01:40:     at Object.<anonymous> (/root/FundiesCollab/src_backend/compileRouter.js:3:12)
2020-03-17T15:01:40:     at Module._compile (internal/modules/cjs/loader.js:778:30)
2020-03-17T15:01:40:     at Object.Module._extensions..js (internal/modules/cjs/loader.js:789:10)
2020-03-17T15:01:40:     at Module.load (internal/modules/cjs/loader.js:653:32)
2020-03-17T15:01:40:     at tryModuleLoad (internal/modules/cjs/loader.js:593:12)
2020-03-17T15:01:40:     at Function.Module._load (internal/modules/cjs/loader.js:585:3)
2020-03-17T15:01:40:     at Module.require (internal/modules/cjs/loader.js:692:17) code: 'MODULE_NOT_FOUND' }
